TN:
SF:src\domains\user\dto\index.ts
FN:4,(anonymous_2)
FN:20,(anonymous_3)
FN:33,(anonymous_4)
FN:59,(anonymous_5)
FNF:4
FNH:1
FNDA:0,(anonymous_2)
FNDA:0,(anonymous_3)
FNDA:3,(anonymous_4)
FNDA:0,(anonymous_5)
DA:1,1
DA:3,1
DA:5,0
DA:6,0
DA:7,0
DA:8,0
DA:9,0
DA:19,1
DA:21,0
DA:22,0
DA:23,0
DA:32,1
DA:34,3
DA:35,3
DA:36,3
DA:37,3
DA:38,3
DA:48,1
DA:49,1
DA:54,1
DA:60,0
DA:61,0
LF:22
LH:12
BRF:0
BRH:0
end_of_record
TN:
SF:src\domains\user\service\index.ts
FNF:0
FNH:0
DA:1,1
DA:2,1
LF:2
LH:2
BRF:0
BRH:0
end_of_record
TN:
SF:src\domains\user\service\user.service.impl.ts
FN:11,(anonymous_0)
FN:13,(anonymous_1)
FN:19,(anonymous_2)
FN:24,(anonymous_3)
FN:30,(anonymous_4)
FN:34,(anonymous_5)
FN:38,(anonymous_6)
FNF:7
FNH:2
FNDA:1,(anonymous_0)
FNDA:3,(anonymous_1)
FNDA:0,(anonymous_2)
FNDA:0,(anonymous_3)
FNDA:0,(anonymous_4)
FNDA:0,(anonymous_5)
FNDA:0,(anonymous_6)
DA:1,1
DA:6,1
DA:8,1
DA:10,1
DA:11,1
DA:14,3
DA:15,3
DA:16,3
DA:21,0
DA:25,0
DA:26,0
DA:27,0
DA:31,0
DA:35,0
DA:39,0
DA:40,0
DA:41,0
DA:42,0
LF:18
LH:8
BRDA:15,0,0,0
BRDA:26,1,0,0
BRF:2
BRH:0
end_of_record
TN:
SF:src\utils\auth.ts
FN:7,(anonymous_1)
FN:13,(anonymous_2)
FN:21,(anonymous_3)
FN:28,(anonymous_4)
FN:32,(anonymous_5)
FNF:5
FNH:0
FNDA:0,(anonymous_1)
FNDA:0,(anonymous_2)
FNDA:0,(anonymous_3)
FNDA:0,(anonymous_4)
FNDA:0,(anonymous_5)
DA:1,1
DA:2,1
DA:4,1
DA:5,1
DA:7,1
DA:10,0
DA:13,1
DA:15,0
DA:18,0
DA:21,0
DA:22,0
DA:23,0
DA:24,0
DA:28,1
DA:29,0
DA:32,1
DA:33,0
LF:17
LH:8
BRDA:15,0,0,0
BRDA:15,0,1,0
BRDA:18,1,0,0
BRDA:18,2,0,0
BRDA:18,2,1,0
BRDA:18,2,2,0
BRDA:22,3,0,0
BRF:7
BRH:0
end_of_record
TN:
SF:src\utils\aws.ts
FN:10,setPreSignedURL
FN:20,getPreSignedURL
FNF:2
FNH:0
FNDA:0,setPreSignedURL
FNDA:0,getPreSignedURL
DA:1,1
DA:5,1
DA:11,0
DA:16,0
DA:21,0
DA:25,0
DA:27,1
LF:7
LH:3
BRF:0
BRH:0
end_of_record
TN:
SF:src\utils\constants.ts
FN:2,(anonymous_0)
FN:8,(anonymous_1)
FNF:2
FNH:2
FNDA:1,(anonymous_0)
FNDA:1,(anonymous_1)
DA:2,1
DA:3,1
DA:4,1
DA:8,1
DA:9,1
DA:10,1
DA:11,1
DA:12,1
DA:16,1
DA:18,1
DA:21,1
DA:24,1
DA:27,1
DA:30,1
LF:14
LH:14
BRDA:2,0,0,1
BRDA:2,0,1,1
BRDA:8,1,0,1
BRDA:8,1,1,1
BRDA:18,2,0,1
BRDA:18,2,1,0
BRDA:21,3,0,1
BRDA:21,3,1,1
BRDA:24,4,0,1
BRDA:24,4,1,1
BRDA:27,5,0,1
BRDA:27,5,1,1
BRDA:30,6,0,1
BRDA:30,6,1,1
BRF:14
BRH:13
end_of_record
TN:
SF:src\utils\database.ts
FNF:0
FNH:0
DA:1,1
DA:3,1
LF:2
LH:2
BRF:0
BRH:0
end_of_record
TN:
SF:src\utils\errors.ts
FN:6,(anonymous_1)
FN:12,(anonymous_2)
FN:22,(anonymous_3)
FN:28,(anonymous_4)
FN:34,(anonymous_5)
FN:40,(anonymous_6)
FN:45,ErrorHandling
FNF:7
FNH:2
FNDA:1,(anonymous_1)
FNDA:0,(anonymous_2)
FNDA:0,(anonymous_3)
FNDA:0,(anonymous_4)
FNDA:1,(anonymous_5)
FNDA:0,(anonymous_6)
FNDA:0,ErrorHandling
DA:2,1
DA:3,1
DA:6,1
DA:7,1
DA:11,1
DA:13,0
DA:21,1
DA:23,0
DA:27,1
DA:29,0
DA:33,1
DA:35,1
DA:39,1
DA:41,0
DA:45,1
DA:46,0
DA:47,0
DA:48,0
DA:49,0
DA:51,0
DA:53,0
DA:54,0
LF:22
LH:11
BRDA:35,0,0,1
BRDA:35,0,1,0
BRDA:46,1,0,0
BRDA:47,2,0,0
BRDA:48,3,0,0
BRF:5
BRH:1
end_of_record
TN:
SF:src\utils\index.ts
FNF:0
FNH:0
DA:1,1
DA:2,1
DA:3,1
DA:4,1
DA:5,1
DA:6,1
LF:6
LH:6
BRF:0
BRH:0
end_of_record
TN:
SF:src\utils\logger.ts
FNF:0
FNH:0
DA:1,1
DA:2,1
DA:4,1
DA:10,1
LF:4
LH:4
BRF:0
BRH:0
end_of_record
TN:
SF:src\utils\validation.ts
FN:7,BodyValidation
FN:8,(anonymous_1)
FN:15,(anonymous_2)
FNF:3
FNH:0
FNDA:0,BodyValidation
FNDA:0,(anonymous_1)
FNDA:0,(anonymous_2)
DA:1,1
DA:3,1
DA:4,1
DA:7,1
DA:8,0
DA:9,0
DA:10,0
DA:15,0
DA:17,0
LF:9
LH:4
BRDA:15,0,0,0
BRF:1
BRH:0
end_of_record
TN:
SF:test\mocks\user.repository.test.impl.ts
FN:8,(anonymous_0)
FN:13,(anonymous_1)
FN:27,(anonymous_2)
FN:41,(anonymous_3)
FN:43,(anonymous_4)
FN:51,(anonymous_5)
FN:54,(anonymous_6)
FN:71,(anonymous_7)
FN:78,(anonymous_8)
FN:80,(anonymous_9)
FN:83,(anonymous_10)
FN:86,(anonymous_11)
FN:87,(anonymous_12)
FNF:13
FNH:1
FNDA:0,(anonymous_0)
FNDA:3,(anonymous_1)
FNDA:0,(anonymous_2)
FNDA:0,(anonymous_3)
FNDA:0,(anonymous_4)
FNDA:0,(anonymous_5)
FNDA:0,(anonymous_6)
FNDA:0,(anonymous_7)
FNDA:0,(anonymous_8)
FNDA:0,(anonymous_9)
FNDA:0,(anonymous_10)
FNDA:0,(anonymous_11)
FNDA:0,(anonymous_12)
DA:1,1
DA:6,1
DA:9,0
DA:10,0
DA:14,3
DA:15,3
DA:16,0
DA:18,3
DA:28,0
DA:29,0
DA:30,0
DA:32,0
DA:44,0
DA:51,0
DA:55,0
DA:56,0
DA:57,0
DA:59,0
DA:72,0
DA:78,0
DA:80,0
DA:84,0
LF:22
LH:5
BRDA:15,0,0,0
BRDA:29,1,0,0
BRDA:56,2,0,0
BRDA:56,3,0,0
BRDA:56,3,1,0
BRDA:84,4,0,0
BRDA:84,4,1,0
BRF:7
BRH:0
end_of_record
